<?xml version="1.0" encoding="UTF-8"?>
<!-- Generated by org.testng.reporters.JUnitXMLReporter -->
<testsuite ignored="1" hostname="LTPCHE032640544" failures="0" tests="1" name="Default test" time="2.481" errors="0" timestamp="2025-10-16T17:35:31 IST">
  <testcase classname="tests.Test001_SauceDemo" name="loginAndCheckout" time="2.429"/>
  <testcase classname="tests.Test001_SauceDemo" name="validateTitleAndURL" time="0.0">
    <ignored/>
  </testcase> <!-- validateTitleAndURL -->
</testsuite> <!-- Default test -->
